<?xml version="1.0" encoding="UTF-8"?>
<!-- Generated by org.testng.reporters.JUnitReportReporter -->
<testsuite hostname="IN-8YCXH32" name="com.pb.spectrum.automation.ed.tests.E2E_Test" tests="11" failures="0" timestamp="27 Apr 2017 05:36:54 GMT" time="110.363" errors="0">
  <testcase name="launchEnterpriseDesigner" time="10.237" classname="com.pb.spectrum.automation.ed.tests.E2E_Test"/>
  <testcase name="test" time="0.001" classname="com.pb.spectrum.automation.ed.tests.E2E_Test"/>
  <testcase name="createNewJob" time="8.678" classname="com.pb.spectrum.automation.ed.tests.E2E_Test"/>
  <testcase name="addWriteToFileStage" time="4.319" classname="com.pb.spectrum.automation.ed.tests.E2E_Test"/>
  <testcase name="createChannelForReadAndWriteStage" time="2.492" classname="com.pb.spectrum.automation.ed.tests.E2E_Test"/>
  <testcase name="saveAndRunJob" time="14.575" classname="com.pb.spectrum.automation.ed.tests.E2E_Test"/>
  <testcase name="setWriteToFileStageConfig" time="14.196" classname="com.pb.spectrum.automation.ed.tests.E2E_Test"/>
  <testcase name="loginEnterpriseDesigner" time="35.828" classname="com.pb.spectrum.automation.ed.tests.E2E_Test"/>
  <testcase name="addReadFromFileStage" time="4.370" classname="com.pb.spectrum.automation.ed.tests.E2E_Test"/>
  <testcase name="setReadFromFileStageConfig" time="15.666" classname="com.pb.spectrum.automation.ed.tests.E2E_Test"/>
  <testcase name="exitEnterpriseDesigner" time="0.001" classname="com.pb.spectrum.automation.ed.tests.E2E_Test"/>
</testsuite> <!-- com.pb.spectrum.automation.ed.tests.E2E_Test -->
